<?xml version="1.0" encoding="UTF-8"?>
<!-- Generated by org.testng.reporters.JUnitReportReporter -->
<testsuite skipped="0" hostname="User-PC" name="com.crm.qa.testcases.OpenTest" tests="1" failures="0" timestamp="25 Oct 2018 10:15:41 GMT" time="0.005" errors="0">
  <testcase name="test1" time="0.005" classname="com.crm.qa.testcases.OpenTest"/>
</testsuite> <!-- com.crm.qa.testcases.OpenTest -->
